2022-12-04 23:41:42,386 | INFO | "GET /news/ HTTP/1.1" 200 23560 | /mnt/d/TSuvorov_learing/My_Skillfactory/Module_D/project_newsportal/venv_WSL/lib/python3.8/site-packages/django/core/servers/basehttp.py | None
2022-12-04 23:41:43,699 | INFO | "GET /news/ HTTP/1.1" 200 23555 | /mnt/d/TSuvorov_learing/My_Skillfactory/Module_D/project_newsportal/venv_WSL/lib/python3.8/site-packages/django/core/servers/basehttp.py | None
2022-12-04 23:41:50,719 | INFO | "GET /news/ HTTP/1.1" 200 23556 | /mnt/d/TSuvorov_learing/My_Skillfactory/Module_D/project_newsportal/venv_WSL/lib/python3.8/site-packages/django/core/servers/basehttp.py | None
2022-12-04 23:41:55,752 | INFO | "GET /news/ HTTP/1.1" 200 23556 | /mnt/d/TSuvorov_learing/My_Skillfactory/Module_D/project_newsportal/venv_WSL/lib/python3.8/site-packages/django/core/servers/basehttp.py | None
2022-12-04 23:41:59,197 | INFO | "GET /news/ HTTP/1.1" 200 23556 | /mnt/d/TSuvorov_learing/My_Skillfactory/Module_D/project_newsportal/venv_WSL/lib/python3.8/site-packages/django/core/servers/basehttp.py | None
2022-12-04 23:43:02,947 | INFO | "GET /news/ HTTP/1.1" 200 23560 | /mnt/d/TSuvorov_learing/My_Skillfactory/Module_D/project_newsportal/venv_WSL/lib/python3.8/site-packages/django/core/servers/basehttp.py | None
2022-12-04 23:43:02,947 | INFO | "GET /news/ HTTP/1.1" 200 23559 | /mnt/d/TSuvorov_learing/My_Skillfactory/Module_D/project_newsportal/venv_WSL/lib/python3.8/site-packages/django/core/servers/basehttp.py | None
2022-12-04 23:43:04,780 | INFO | "GET /news/ HTTP/1.1" 200 23556 | /mnt/d/TSuvorov_learing/My_Skillfactory/Module_D/project_newsportal/venv_WSL/lib/python3.8/site-packages/django/core/servers/basehttp.py | None
2022-12-04 23:43:07,913 | INFO | "GET /news/ HTTP/1.1" 200 23556 | /mnt/d/TSuvorov_learing/My_Skillfactory/Module_D/project_newsportal/venv_WSL/lib/python3.8/site-packages/django/core/servers/basehttp.py | None
2022-12-05 00:15:38,549 | ERROR | Internal Server Error: /news/news/create/ | /mnt/d/TSuvorov_learing/My_Skillfactory/Module_D/project_newsportal/venv_WSL/lib/python3.8/site-packages/django/utils/log.py | (<class 'django.template.exceptions.TemplateDoesNotExist'>, TemplateDoesNotExist('news/createnews1.html'), <traceback object at 0x7fd0ec4ff5c0>)
Traceback (most recent call last):
  File "/mnt/d/TSuvorov_learing/My_Skillfactory/Module_D/project_newsportal/venv_WSL/lib/python3.8/site-packages/django/core/handlers/exception.py", line 55, in inner
    response = get_response(request)
  File "/mnt/d/TSuvorov_learing/My_Skillfactory/Module_D/project_newsportal/venv_WSL/lib/python3.8/site-packages/django/core/handlers/base.py", line 220, in _get_response
    response = response.render()
  File "/mnt/d/TSuvorov_learing/My_Skillfactory/Module_D/project_newsportal/venv_WSL/lib/python3.8/site-packages/django/template/response.py", line 114, in render
    self.content = self.rendered_content
  File "/mnt/d/TSuvorov_learing/My_Skillfactory/Module_D/project_newsportal/venv_WSL/lib/python3.8/site-packages/django/template/response.py", line 90, in rendered_content
    template = self.resolve_template(self.template_name)
  File "/mnt/d/TSuvorov_learing/My_Skillfactory/Module_D/project_newsportal/venv_WSL/lib/python3.8/site-packages/django/template/response.py", line 72, in resolve_template
    return select_template(template, using=self.using)
  File "/mnt/d/TSuvorov_learing/My_Skillfactory/Module_D/project_newsportal/venv_WSL/lib/python3.8/site-packages/django/template/loader.py", line 47, in select_template
    raise TemplateDoesNotExist(", ".join(template_name_list), chain=chain)
django.template.exceptions.TemplateDoesNotExist: news/createnews1.html
2022-12-05 00:15:38,580 | ERROR | "GET /news/news/create/ HTTP/1.1" 500 88939 | /mnt/d/TSuvorov_learing/My_Skillfactory/Module_D/project_newsportal/venv_WSL/lib/python3.8/site-packages/django/core/servers/basehttp.py | None
2022-12-05 00:18:38,635 | ERROR | Internal Server Error: /news/news/create/ | /mnt/d/TSuvorov_learing/My_Skillfactory/Module_D/project_newsportal/venv_WSL/lib/python3.8/site-packages/django/utils/log.py | (<class 'django.template.exceptions.TemplateDoesNotExist'>, TemplateDoesNotExist('news/createnews1.html'), <traceback object at 0x7f9c247b6c80>)
Traceback (most recent call last):
  File "/mnt/d/TSuvorov_learing/My_Skillfactory/Module_D/project_newsportal/venv_WSL/lib/python3.8/site-packages/django/core/handlers/exception.py", line 55, in inner
    response = get_response(request)
  File "/mnt/d/TSuvorov_learing/My_Skillfactory/Module_D/project_newsportal/venv_WSL/lib/python3.8/site-packages/django/core/handlers/base.py", line 220, in _get_response
    response = response.render()
  File "/mnt/d/TSuvorov_learing/My_Skillfactory/Module_D/project_newsportal/venv_WSL/lib/python3.8/site-packages/django/template/response.py", line 114, in render
    self.content = self.rendered_content
  File "/mnt/d/TSuvorov_learing/My_Skillfactory/Module_D/project_newsportal/venv_WSL/lib/python3.8/site-packages/django/template/response.py", line 90, in rendered_content
    template = self.resolve_template(self.template_name)
  File "/mnt/d/TSuvorov_learing/My_Skillfactory/Module_D/project_newsportal/venv_WSL/lib/python3.8/site-packages/django/template/response.py", line 72, in resolve_template
    return select_template(template, using=self.using)
  File "/mnt/d/TSuvorov_learing/My_Skillfactory/Module_D/project_newsportal/venv_WSL/lib/python3.8/site-packages/django/template/loader.py", line 47, in select_template
    raise TemplateDoesNotExist(", ".join(template_name_list), chain=chain)
django.template.exceptions.TemplateDoesNotExist: news/createnews1.html
2022-12-05 00:18:38,673 | ERROR | "GET /news/news/create/ HTTP/1.1" 500 88920 | /mnt/d/TSuvorov_learing/My_Skillfactory/Module_D/project_newsportal/venv_WSL/lib/python3.8/site-packages/django/core/servers/basehttp.py | None
2022-12-05 00:19:58,682 | INFO | "GET /news/ HTTP/1.1" 200 12627 | /mnt/d/TSuvorov_learing/My_Skillfactory/Module_D/project_newsportal/venv_WSL/lib/python3.8/site-packages/django/core/servers/basehttp.py | None
2022-12-05 00:20:02,882 | INFO | "GET /news/ HTTP/1.1" 200 12627 | /mnt/d/TSuvorov_learing/My_Skillfactory/Module_D/project_newsportal/venv_WSL/lib/python3.8/site-packages/django/core/servers/basehttp.py | None
2022-12-05 00:20:07,886 | INFO | "GET /news/ HTTP/1.1" 200 12627 | /mnt/d/TSuvorov_learing/My_Skillfactory/Module_D/project_newsportal/venv_WSL/lib/python3.8/site-packages/django/core/servers/basehttp.py | None
